writeCommonTags: couldn't write 'year' tag to 'Koos du Plessis - Skadu's teen die Muur/AS JY MY KON VOLG.wma' as it's not a positive integer
writeCommonTags: couldn't write 'year' tag to 'Koos du Plessis - Skadu's teen die Muur/DIE SOMER IS VERBY.wma' as it's not a positive integer
writeCommonTags: couldn't write 'year' tag to 'Koos du Plessis - Skadu's teen die Muur/HERMAN.wma' as it's not a positive integer
writeCommonTags: couldn't write 'year' tag to 'Koos du Plessis - Skadu's teen die Muur/JANTJIE VAN DIE BERGE.wma' as it's not a positive integer
writeCommonTags: couldn't write 'year' tag to 'Koos du Plessis - Skadu's teen die Muur/KINDERS VAN DIE WIND.wma' as it's not a positive integer
writeCommonTags: couldn't write 'year' tag to 'Koos du Plessis - Skadu's teen die Muur/NAJAARDROOM.wma' as it's not a positive integer
writeCommonTags: couldn't write 'year' tag to 'Koos du Plessis - Skadu's teen die Muur/OP PAD NA NOOIGEDACHT.wma' as it's not a positive integer
writeCommonTags: couldn't write 'year' tag to 'Koos du Plessis - Skadu's teen die Muur/PRETORIA.wma' as it's not a positive integer
writeCommonTags: couldn't write 'year' tag to 'Koos du Plessis - Skadu's teen die Muur/SKADU'S TEEN DIE MUUR.wma' as it's not a positive integer
writeCommonTags: couldn't write 'year' tag to 'Koos du Plessis - Skadu's teen die Muur/SKIELIK IS JY VRY.wma' as it's not a positive integer
writeCommonTags: couldn't write 'year' tag to 'Koos du Plessis - Skadu's teen die Muur/SPROKIE VIR 'N STADSKIND.wma' as it's not a positive integer
writeCommonTags: couldn't write 'year' tag to 'Koos du Plessis - Skadu's teen die Muur/AS JY MY KON VOLG.wma' as it's not a positive integer
writeCommonTags: couldn't write 'year' tag to 'Koos du Plessis - Skadu's teen die Muur/DIE SOMER IS VERBY.wma' as it's not a positive integer
writeCommonTags: couldn't write 'year' tag to 'Koos du Plessis - Skadu's teen die Muur/HERMAN.wma' as it's not a positive integer
writeCommonTags: couldn't write 'year' tag to 'Koos du Plessis - Skadu's teen die Muur/JANTJIE VAN DIE BERGE.wma' as it's not a positive integer
writeCommonTags: couldn't write 'year' tag to 'Koos du Plessis - Skadu's teen die Muur/KINDERS VAN DIE WIND.wma' as it's not a positive integer
writeCommonTags: couldn't write 'year' tag to 'Koos du Plessis - Skadu's teen die Muur/NAJAARDROOM.wma' as it's not a positive integer
writeCommonTags: couldn't write 'year' tag to 'Koos du Plessis - Skadu's teen die Muur/OP PAD NA NOOIGEDACHT.wma' as it's not a positive integer
writeCommonTags: couldn't write 'year' tag to 'Koos du Plessis - Skadu's teen die Muur/PRETORIA.wma' as it's not a positive integer
writeCommonTags: couldn't write 'year' tag to 'Koos du Plessis - Skadu's teen die Muur/SKADU'S TEEN DIE MUUR.wma' as it's not a positive integer
writeCommonTags: couldn't write 'year' tag to 'Koos du Plessis - Skadu's teen die Muur/SKIELIK IS JY VRY.wma' as it's not a positive integer
writeCommonTags: couldn't write 'year' tag to 'Koos du Plessis - Skadu's teen die Muur/SPROKIE VIR 'N STADSKIND.wma' as it's not a positive integer
writeCommonTags: couldn't write 'year' tag to 'Koos du Plessis - Skadu's teen die Muur/AS JY MY KON VOLG.wma' as it's not a positive integer
writeCommonTags: couldn't write 'year' tag to 'Koos du Plessis - Skadu's teen die Muur/DIE SOMER IS VERBY.wma' as it's not a positive integer
writeCommonTags: couldn't write 'year' tag to 'Koos du Plessis - Skadu's teen die Muur/HERMAN.wma' as it's not a positive integer
writeCommonTags: couldn't write 'year' tag to 'Koos du Plessis - Skadu's teen die Muur/JANTJIE VAN DIE BERGE.wma' as it's not a positive integer
writeCommonTags: couldn't write 'year' tag to 'Koos du Plessis - Skadu's teen die Muur/KINDERS VAN DIE WIND.wma' as it's not a positive integer
writeCommonTags: couldn't write 'year' tag to 'Koos du Plessis - Skadu's teen die Muur/NAJAARDROOM.wma' as it's not a positive integer
writeCommonTags: couldn't write 'year' tag to 'Koos du Plessis - Skadu's teen die Muur/OP PAD NA NOOIGEDACHT.wma' as it's not a positive integer
writeCommonTags: couldn't write 'year' tag to 'Koos du Plessis - Skadu's teen die Muur/PRETORIA.wma' as it's not a positive integer
writeCommonTags: couldn't write 'year' tag to 'Koos du Plessis - Skadu's teen die Muur/SKADU'S TEEN DIE MUUR.wma' as it's not a positive integer
writeCommonTags: couldn't write 'year' tag to 'Koos du Plessis - Skadu's teen die Muur/SKIELIK IS JY VRY.wma' as it's not a positive integer
writeCommonTags: couldn't write 'year' tag to 'Koos du Plessis - Skadu's teen die Muur/AS JY MY KON VOLG.wma' as it's not a positive integer
writeCommonTags: couldn't write 'year' tag to 'Koos du Plessis - Skadu's teen die Muur/DIE SOMER IS VERBY.wma' as it's not a positive integer
writeCommonTags: couldn't write 'year' tag to 'Koos du Plessis - Skadu's teen die Muur/HERMAN.wma' as it's not a positive integer
writeCommonTags: couldn't write 'year' tag to 'Koos du Plessis - Skadu's teen die Muur/JANTJIE VAN DIE BERGE.wma' as it's not a positive integer
writeCommonTags: couldn't write 'year' tag to 'Koos du Plessis - Skadu's teen die Muur/KINDERS VAN DIE WIND.wma' as it's not a positive integer
writeCommonTags: couldn't write 'year' tag to 'Koos du Plessis - Skadu's teen die Muur/NAJAARDROOM.wma' as it's not a positive integer
writeCommonTags: couldn't write 'year' tag to 'Koos du Plessis - Skadu's teen die Muur/OP PAD NA NOOIGEDACHT.wma' as it's not a positive integer
writeCommonTags: couldn't write 'year' tag to 'Koos du Plessis - Skadu's teen die Muur/PRETORIA.wma' as it's not a positive integer
writeCommonTags: couldn't write 'year' tag to 'Koos du Plessis - Skadu's teen die Muur/SKADU'S TEEN DIE MUUR.wma' as it's not a positive integer
writeCommonTags: couldn't write 'year' tag to 'Koos du Plessis - Skadu's teen die Muur/SKIELIK IS JY VRY.wma' as it's not a positive integer
writeCommonTags: couldn't write 'year' tag to 'Nero - Welcome Reality/2808.wav' as it's not a positive integer
writeCommonTags: couldn't write 'track' tag to 'Nero - Welcome Reality/2808.wav' as it's not a positive integer
writeCommonTags: couldn't write 'year' tag to 'Nero - Welcome Reality/Crush on You.wav' as it's not a positive integer
writeCommonTags: couldn't write 'track' tag to 'Nero - Welcome Reality/Crush on You.wav' as it's not a positive integer
writeCommonTags: couldn't write 'year' tag to 'Nero - Welcome Reality/Departure.wav' as it's not a positive integer
writeCommonTags: couldn't write 'track' tag to 'Nero - Welcome Reality/Departure.wav' as it's not a positive integer
writeCommonTags: couldn't write 'year' tag to 'Nero - Welcome Reality/Doomsday.wav' as it's not a positive integer
writeCommonTags: couldn't write 'track' tag to 'Nero - Welcome Reality/Doomsday.wav' as it's not a positive integer
writeCommonTags: couldn't write 'year' tag to 'Nero - Welcome Reality/Fugue State.wav' as it's not a positive integer
writeCommonTags: couldn't write 'track' tag to 'Nero - Welcome Reality/Fugue State.wav' as it's not a positive integer
writeCommonTags: couldn't write 'year' tag to 'Nero - Welcome Reality/Guilt.wav' as it's not a positive integer
writeCommonTags: couldn't write 'track' tag to 'Nero - Welcome Reality/Guilt.wav' as it's not a positive integer
writeCommonTags: couldn't write 'year' tag to 'Nero - Welcome Reality/In the Way.wav' as it's not a positive integer
writeCommonTags: couldn't write 'track' tag to 'Nero - Welcome Reality/In the Way.wav' as it's not a positive integer
writeCommonTags: couldn't write 'year' tag to 'Nero - Welcome Reality/Innocence.wav' as it's not a positive integer
writeCommonTags: couldn't write 'track' tag to 'Nero - Welcome Reality/Innocence.wav' as it's not a positive integer
writeCommonTags: couldn't write 'year' tag to 'Nero - Welcome Reality/Me and You.wav' as it's not a positive integer
writeCommonTags: couldn't write 'track' tag to 'Nero - Welcome Reality/Me and You.wav' as it's not a positive integer
writeCommonTags: couldn't write 'year' tag to 'Nero - Welcome Reality/Must be the Feeling.wav' as it's not a positive integer
writeCommonTags: couldn't write 'track' tag to 'Nero - Welcome Reality/Must be the Feeling.wav' as it's not a positive integer
writeCommonTags: couldn't write 'year' tag to 'Nero - Welcome Reality/My Eyes.wav' as it's not a positive integer
writeCommonTags: couldn't write 'track' tag to 'Nero - Welcome Reality/My Eyes.wav' as it's not a positive integer
writeCommonTags: couldn't write 'year' tag to 'Nero - Welcome Reality/Promises.wav' as it's not a positive integer
writeCommonTags: couldn't write 'track' tag to 'Nero - Welcome Reality/Promises.wav' as it's not a positive integer
writeCommonTags: couldn't write 'year' tag to 'Nero - Welcome Reality/Reaching Out.wav' as it's not a positive integer
writeCommonTags: couldn't write 'track' tag to 'Nero - Welcome Reality/Reaching Out.wav' as it's not a positive integer
writeCommonTags: couldn't write 'year' tag to 'Nero - Welcome Reality/Scorpions.wav' as it's not a positive integer
writeCommonTags: couldn't write 'track' tag to 'Nero - Welcome Reality/Scorpions.wav' as it's not a positive integer
writeCommonTags: couldn't write 'year' tag to 'Nero - Welcome Reality/2808.wav' as it's not a positive integer
writeCommonTags: couldn't write 'track' tag to 'Nero - Welcome Reality/2808.wav' as it's not a positive integer
writeCommonTags: couldn't write 'year' tag to 'Nero - Welcome Reality/Crush on You.wav' as it's not a positive integer
writeCommonTags: couldn't write 'track' tag to 'Nero - Welcome Reality/Crush on You.wav' as it's not a positive integer
writeCommonTags: couldn't write 'year' tag to 'Nero - Welcome Reality/Departure.wav' as it's not a positive integer
writeCommonTags: couldn't write 'track' tag to 'Nero - Welcome Reality/Departure.wav' as it's not a positive integer
writeCommonTags: couldn't write 'year' tag to 'Nero - Welcome Reality/Doomsday.wav' as it's not a positive integer
writeCommonTags: couldn't write 'track' tag to 'Nero - Welcome Reality/Doomsday.wav' as it's not a positive integer
writeCommonTags: couldn't write 'year' tag to 'Nero - Welcome Reality/Fugue State.wav' as it's not a positive integer
writeCommonTags: couldn't write 'track' tag to 'Nero - Welcome Reality/Fugue State.wav' as it's not a positive integer
writeCommonTags: couldn't write 'year' tag to 'Nero - Welcome Reality/Guilt.wav' as it's not a positive integer
writeCommonTags: couldn't write 'track' tag to 'Nero - Welcome Reality/Guilt.wav' as it's not a positive integer
writeCommonTags: couldn't write 'year' tag to 'Nero - Welcome Reality/In the Way.wav' as it's not a positive integer
writeCommonTags: couldn't write 'track' tag to 'Nero - Welcome Reality/In the Way.wav' as it's not a positive integer
writeCommonTags: couldn't write 'year' tag to 'Nero - Welcome Reality/Innocence.wav' as it's not a positive integer
writeCommonTags: couldn't write 'track' tag to 'Nero - Welcome Reality/Innocence.wav' as it's not a positive integer
writeCommonTags: couldn't write 'year' tag to 'Nero - Welcome Reality/Me and You.wav' as it's not a positive integer
writeCommonTags: couldn't write 'track' tag to 'Nero - Welcome Reality/Me and You.wav' as it's not a positive integer
writeCommonTags: couldn't write 'year' tag to 'Nero - Welcome Reality/Must be the Feeling.wav' as it's not a positive integer
writeCommonTags: couldn't write 'track' tag to 'Nero - Welcome Reality/Must be the Feeling.wav' as it's not a positive integer
writeCommonTags: couldn't write 'year' tag to 'Nero - Welcome Reality/My Eyes.wav' as it's not a positive integer
writeCommonTags: couldn't write 'track' tag to 'Nero - Welcome Reality/My Eyes.wav' as it's not a positive integer
writeCommonTags: couldn't write 'year' tag to 'Nero - Welcome Reality/Promises.wav' as it's not a positive integer
writeCommonTags: couldn't write 'track' tag to 'Nero - Welcome Reality/Promises.wav' as it's not a positive integer
writeCommonTags: couldn't write 'year' tag to 'Nero - Welcome Reality/Reaching Out.wav' as it's not a positive integer
writeCommonTags: couldn't write 'track' tag to 'Nero - Welcome Reality/Reaching Out.wav' as it's not a positive integer
writeCommonTags: couldn't write 'year' tag to 'Nero - Welcome Reality/Scorpions.wav' as it's not a positive integer
writeCommonTags: couldn't write 'track' tag to 'Nero - Welcome Reality/Scorpions.wav' as it's not a positive integer
writeCommonTags: couldn't write 'year' tag to 'Nero - Welcome Reality/2808.wav' as it's not a positive integer
writeCommonTags: couldn't write 'track' tag to 'Nero - Welcome Reality/2808.wav' as it's not a positive integer
writeCommonTags: couldn't write 'year' tag to 'Nero - Welcome Reality/Crush on You.wav' as it's not a positive integer
writeCommonTags: couldn't write 'track' tag to 'Nero - Welcome Reality/Crush on You.wav' as it's not a positive integer
writeCommonTags: couldn't write 'year' tag to 'Nero - Welcome Reality/Departure.wav' as it's not a positive integer
writeCommonTags: couldn't write 'track' tag to 'Nero - Welcome Reality/Departure.wav' as it's not a positive integer
writeCommonTags: couldn't write 'year' tag to 'Nero - Welcome Reality/Doomsday.wav' as it's not a positive integer
writeCommonTags: couldn't write 'track' tag to 'Nero - Welcome Reality/Doomsday.wav' as it's not a positive integer
writeCommonTags: couldn't write 'year' tag to 'Nero - Welcome Reality/Fugue State.wav' as it's not a positive integer
writeCommonTags: couldn't write 'track' tag to 'Nero - Welcome Reality/Fugue State.wav' as it's not a positive integer
writeCommonTags: couldn't write 'year' tag to 'Nero - Welcome Reality/Guilt.wav' as it's not a positive integer
writeCommonTags: couldn't write 'track' tag to 'Nero - Welcome Reality/Guilt.wav' as it's not a positive integer
writeCommonTags: couldn't write 'year' tag to 'Nero - Welcome Reality/In the Way.wav' as it's not a positive integer
writeCommonTags: couldn't write 'track' tag to 'Nero - Welcome Reality/In the Way.wav' as it's not a positive integer
writeCommonTags: couldn't write 'year' tag to 'Nero - Welcome Reality/Innocence.wav' as it's not a positive integer
writeCommonTags: couldn't write 'track' tag to 'Nero - Welcome Reality/Innocence.wav' as it's not a positive integer
writeCommonTags: couldn't write 'year' tag to 'Nero - Welcome Reality/Me and You.wav' as it's not a positive integer
writeCommonTags: couldn't write 'track' tag to 'Nero - Welcome Reality/Me and You.wav' as it's not a positive integer
writeCommonTags: couldn't write 'year' tag to 'Nero - Welcome Reality/Must be the Feeling.wav' as it's not a positive integer
writeCommonTags: couldn't write 'track' tag to 'Nero - Welcome Reality/Must be the Feeling.wav' as it's not a positive integer
writeCommonTags: couldn't write 'year' tag to 'Nero - Welcome Reality/My Eyes.wav' as it's not a positive integer
writeCommonTags: couldn't write 'track' tag to 'Nero - Welcome Reality/My Eyes.wav' as it's not a positive integer
writeCommonTags: couldn't write 'year' tag to 'Nero - Welcome Reality/Promises.wav' as it's not a positive integer
writeCommonTags: couldn't write 'track' tag to 'Nero - Welcome Reality/Promises.wav' as it's not a positive integer
writeCommonTags: couldn't write 'year' tag to 'Nero - Welcome Reality/Reaching Out.wav' as it's not a positive integer
writeCommonTags: couldn't write 'track' tag to 'Nero - Welcome Reality/Reaching Out.wav' as it's not a positive integer
writeCommonTags: couldn't write 'year' tag to 'Nero - Welcome Reality/Scorpions.wav' as it's not a positive integer
writeCommonTags: couldn't write 'track' tag to 'Nero - Welcome Reality/Scorpions.wav' as it's not a positive integer
